goesvfi/integrity_check/remote/s3_store.py:21: error: Skipping analyzing "aioboto3": module is installed, but missing library stubs or py.typed marker  [import-untyped]
goesvfi/integrity_check/remote/s3_store.py:22: error: Skipping analyzing "botocore.exceptions": module is installed, but missing library stubs or py.typed marker  [import-untyped]
goesvfi/integrity_check/remote/s3_store.py:22: note: See https://mypy.readthedocs.io/en/stable/running_mypy.html#missing-imports
goesvfi/integrity_check/remote/s3_store.py:22: error: Skipping analyzing "botocore": module is installed, but missing library stubs or py.typed marker  [import-untyped]
goesvfi/integrity_check/remote/s3_store.py:24: error: Skipping analyzing "botocore.config": module is installed, but missing library stubs or py.typed marker  [import-untyped]
goesvfi/integrity_check/gui_tab.py:44: note: By default the bodies of untyped functions are not checked, consider using --check-untyped-defs  [annotation-unchecked]
goesvfi/integrity_check/gui_tab.py:360: error: Item "None" of "QHeaderView | None" has no attribute "setSectionResizeMode"  [union-attr]
goesvfi/integrity_check/gui_tab.py:361: error: Item "None" of "QHeaderView | None" has no attribute "setSectionResizeMode"  [union-attr]
goesvfi/integrity_check/gui_tab.py:362: error: Item "None" of "QHeaderView | None" has no attribute "setVisible"  [union-attr]
goesvfi/integrity_check/gui_tab.py:488: error: Incompatible types in assignment (expression has type "str", variable has type "Path")  [assignment]
goesvfi/integrity_check/gui_tab.py:495: error: "QDateTime" has no attribute "toPython"  [attr-defined]
goesvfi/integrity_check/gui_tab.py:496: error: "QDateTime" has no attribute "toPython"  [attr-defined]
goesvfi/integrity_check/goes_imagery.py:20: error: Skipping analyzing "boto3": module is installed, but missing library stubs or py.typed marker  [import-untyped]
goesvfi/integrity_check/goes_imagery.py:21: error: Skipping analyzing "botocore": module is installed, but missing library stubs or py.typed marker  [import-untyped]
goesvfi/integrity_check/sample_processor.py:19: error: Skipping analyzing "boto3": module is installed, but missing library stubs or py.typed marker  [import-untyped]
goesvfi/integrity_check/sample_processor.py:20: error: Skipping analyzing "botocore": module is installed, but missing library stubs or py.typed marker  [import-untyped]
goesvfi/integrity_check/enhanced_gui_tab.py:1045: error: Item "None" of "QStyle | None" has no attribute "standardIcon"  [union-attr]
goesvfi/integrity_check/enhanced_gui_tab.py:1056: error: Item "None" of "QStyle | None" has no attribute "standardIcon"  [union-attr]
goesvfi/integrity_check/enhanced_gui_tab.py:1219: error: Item "None" of "QHeaderView | None" has no attribute "setSectionResizeMode"  [union-attr]
goesvfi/integrity_check/enhanced_gui_tab.py:1220: error: Item "None" of "QHeaderView | None" has no attribute "setSectionResizeMode"  [union-attr]
goesvfi/integrity_check/enhanced_gui_tab.py:1221: error: Item "None" of "QHeaderView | None" has no attribute "setVisible"  [union-attr]
goesvfi/integrity_check/enhanced_gui_tab.py:1460: error: Argument 1 to "setEnabled" of "QWidget" has incompatible type "Path | bool"; expected "bool"  [arg-type]
goesvfi/integrity_check/enhanced_gui_tab.py:1560: error: Item "None" of "QWidget | None" has no attribute "mapToGlobal"  [union-attr]
goesvfi/integrity_check/enhanced_gui_tab.py:1655: error: Item "None" of "QItemSelectionModel | None" has no attribute "selectedRows"  [union-attr]
goesvfi/integrity_check/enhanced_gui_tab.py:1699: error: "IntegrityCheckViewModel" has no attribute "download_missing_items"; maybe "has_missing_items"?  [attr-defined]
goesvfi/integrity_check/enhanced_gui_tab.py:1726: error: "IntegrityCheckViewModel" has no attribute "retry_failed_downloads"  [attr-defined]
goesvfi/integrity_check/enhanced_gui_tab.py:1766: error: "MissingTimestamp" has no attribute "satellite"  [attr-defined]
goesvfi/integrity_check/enhanced_gui_tab.py:1767: error: "MissingTimestamp" has no attribute "source"  [attr-defined]
goesvfi/integrity_check/enhanced_gui_tab.py:1825: error: Incompatible types in assignment (expression has type "None", variable has type "str")  [assignment]
goesvfi/integrity_check/enhanced_gui_tab.py:1872: error: No overload variant of "QPushButton" matches argument types "str", "Callable[[], None]"  [call-overload]
goesvfi/integrity_check/enhanced_gui_tab.py:1872: note: Possible overload variants:
goesvfi/integrity_check/enhanced_gui_tab.py:1872: note:     def QPushButton(self, parent: QWidget | None = ...) -> QPushButton
goesvfi/integrity_check/enhanced_gui_tab.py:1872: note:     def QPushButton(self, text: str | None, parent: QWidget | None = ...) -> QPushButton
goesvfi/integrity_check/enhanced_gui_tab.py:1872: note:     def QPushButton(self, icon: QIcon, text: str | None, parent: QWidget | None = ...) -> QPushButton
goesvfi/integrity_check/enhanced_gui_tab.py:1917: error: Unsupported operand types for > ("list[float]" and "int")  [operator]
goesvfi/integrity_check/enhanced_gui_tab.py:1917: error: Unsupported operand types for > ("list[dict[str, Any]]" and "int")  [operator]
goesvfi/integrity_check/enhanced_gui_tab.py:1917: error: Unsupported operand types for > ("str" and "int")  [operator]
goesvfi/integrity_check/enhanced_gui_tab.py:1917: note: Left operand is of type "int | float | list[float] | list[dict[str, Any]] | str"
goesvfi/integrity_check/enhanced_gui_tab.py:1918: error: Unsupported operand types for / ("int" and "list[float]")  [operator]
goesvfi/integrity_check/enhanced_gui_tab.py:1918: error: Unsupported operand types for / ("int" and "list[dict[str, Any]]")  [operator]
goesvfi/integrity_check/enhanced_gui_tab.py:1918: error: Unsupported operand types for / ("int" and "str")  [operator]
goesvfi/integrity_check/enhanced_gui_tab.py:1918: error: Unsupported operand types for / ("float" and "list[float]")  [operator]
goesvfi/integrity_check/enhanced_gui_tab.py:1918: error: Unsupported operand types for / ("float" and "list[dict[str, Any]]")  [operator]
goesvfi/integrity_check/enhanced_gui_tab.py:1918: error: Unsupported operand types for / ("float" and "str")  [operator]
goesvfi/integrity_check/enhanced_gui_tab.py:1918: error: Unsupported operand types for / ("list[float]" and "int")  [operator]
goesvfi/integrity_check/enhanced_gui_tab.py:1918: error: Unsupported operand types for / ("list[float]" and "float")  [operator]
goesvfi/integrity_check/enhanced_gui_tab.py:1918: error: Unsupported left operand type for / ("list[float]")  [operator]
goesvfi/integrity_check/enhanced_gui_tab.py:1918: error: Unsupported operand types for / ("list[dict[str, Any]]" and "int")  [operator]
goesvfi/integrity_check/enhanced_gui_tab.py:1918: error: Unsupported operand types for / ("list[dict[str, Any]]" and "float")  [operator]
goesvfi/integrity_check/enhanced_gui_tab.py:1918: error: Unsupported left operand type for / ("list[dict[str, Any]]")  [operator]
goesvfi/integrity_check/enhanced_gui_tab.py:1918: error: Unsupported operand types for / ("str" and "int")  [operator]
goesvfi/integrity_check/enhanced_gui_tab.py:1918: error: Unsupported operand types for / ("str" and "float")  [operator]
goesvfi/integrity_check/enhanced_gui_tab.py:1918: error: Unsupported left operand type for / ("str")  [operator]
goesvfi/integrity_check/enhanced_gui_tab.py:1918: note: Both left and right operands are unions
goesvfi/integrity_check/enhanced_gui_tab.py:1924: error: Argument 1 to "sum" has incompatible type "int | float | list[float] | list[dict[str, Any]] | str"; expected "Iterable[bool]"  [arg-type]
goesvfi/integrity_check/enhanced_gui_tab.py:1924: error: Argument 1 to "len" has incompatible type "int | float | list[float] | list[dict[str, Any]] | str"; expected "Sized"  [arg-type]
goesvfi/integrity_check/enhanced_gui_tab.py:1929: error: Unsupported operand types for > ("list[float]" and "int")  [operator]
goesvfi/integrity_check/enhanced_gui_tab.py:1929: error: Unsupported operand types for > ("list[dict[str, Any]]" and "int")  [operator]
goesvfi/integrity_check/enhanced_gui_tab.py:1929: error: Unsupported operand types for > ("str" and "int")  [operator]
goesvfi/integrity_check/enhanced_gui_tab.py:1929: note: Left operand is of type "int | float | list[float] | list[dict[str, Any]] | str"
goesvfi/integrity_check/enhanced_gui_tab.py:1930: error: Unsupported operand types for / ("list[float]" and "int")  [operator]
goesvfi/integrity_check/enhanced_gui_tab.py:1930: error: Unsupported operand types for / ("list[dict[str, Any]]" and "int")  [operator]
goesvfi/integrity_check/enhanced_gui_tab.py:1930: error: Unsupported operand types for / ("str" and "int")  [operator]
goesvfi/integrity_check/enhanced_gui_tab.py:1930: note: Left operand is of type "int | float | list[float] | list[dict[str, Any]] | str"
goesvfi/integrity_check/enhanced_gui_tab.py:1951: error: Item "int" of "int | float | list[float] | list[dict[str, Any]] | str" has no attribute "__iter__" (not iterable)  [union-attr]
goesvfi/integrity_check/enhanced_gui_tab.py:1951: error: Item "float" of "int | float | list[float] | list[dict[str, Any]] | str" has no attribute "__iter__" (not iterable)  [union-attr]
goesvfi/integrity_check/enhanced_gui_tab.py:1952: error: Item "float" of "Any | float | dict[str, Any] | str" has no attribute "get"  [union-attr]
goesvfi/integrity_check/enhanced_gui_tab.py:1952: error: Item "str" of "Any | float | dict[str, Any] | str" has no attribute "get"  [union-attr]
goesvfi/integrity_check/enhanced_gui_tab.py:1953: error: Item "float" of "Any | float | dict[str, Any] | str" has no attribute "get"  [union-attr]
goesvfi/integrity_check/enhanced_gui_tab.py:1953: error: Item "str" of "Any | float | dict[str, Any] | str" has no attribute "get"  [union-attr]
goesvfi/integrity_check/enhanced_gui_tab.py:1954: error: Item "float" of "Any | float | dict[str, Any] | str" has no attribute "get"  [union-attr]
goesvfi/integrity_check/enhanced_gui_tab.py:1954: error: Item "str" of "Any | float | dict[str, Any] | str" has no attribute "get"  [union-attr]
goesvfi/integrity_check/enhanced_gui_tab.py:1986: error: Argument 1 to "setChecked" of "QAbstractButton" has incompatible type "object"; expected "bool"  [arg-type]
goesvfi/integrity_check/enhanced_gui_tab.py:1991: error: Argument 1 to "setChecked" of "QAbstractButton" has incompatible type "object"; expected "bool"  [arg-type]
goesvfi/integrity_check/enhanced_gui_tab.py:3233: error: Cannot determine type of "_last_progress_update_time"  [has-type]
goesvfi/integrity_check/enhanced_gui_tab.py:3235: error: Cannot determine type of "_last_progress_count"  [has-type]
goesvfi/integrity_check/enhanced_gui_tab.py:3477: error: Item "None" of "QStyle | None" has no attribute "standardIcon"  [union-attr]
Found 67 errors in 5 files (checked 1 source file)
